This is pdfTeX, Version 3.14159265-2.6-1.40.15 (TeX Live 2014) (preloaded format=pdflatex 2014.8.23)  28 JAN 2019 17:46
entering extended mode
 restricted \write18 enabled.
 %&-line parsing enabled.
**Part1_eJMT_1209
(./Part1_eJMT_1209.tex
LaTeX2e <2014/05/01>
Babel <3.9k> and hyphenation patterns for 53 languages loaded.
(/usr/local/texlive/2014/texmf-dist/tex/latex/base/article.cls
Document Class: article 2007/10/19 v1.4h Standard LaTeX document class
(/usr/local/texlive/2014/texmf-dist/tex/latex/base/size12.clo
File: size12.clo 2007/10/19 v1.4h Standard LaTeX file (size option)
)
\c@part=\count79
\c@section=\count80
\c@subsection=\count81
\c@subsubsection=\count82
\c@paragraph=\count83
\c@subparagraph=\count84
\c@figure=\count85
\c@table=\count86
\abovecaptionskip=\skip41
\belowcaptionskip=\skip42
\bibindent=\dimen102
)
(/usr/local/texlive/2014/texmf-dist/tex/latex/amsfonts/amsfonts.sty
Package: amsfonts 2013/01/14 v3.01 Basic AMSFonts support
\@emptytoks=\toks14
\symAMSa=\mathgroup4
\symAMSb=\mathgroup5
LaTeX Font Info:    Overwriting math alphabet `\mathfrak' in version `bold'
(Font)                  U/euf/m/n --> U/euf/b/n on input line 106.
)
(/usr/local/texlive/2014/texmf-dist/tex/latex/amsmath/amsmath.sty
Package: amsmath 2013/01/14 v2.14 AMS math features
\@mathmargin=\skip43

For additional information on amsmath, use the `?' option.
(/usr/local/texlive/2014/texmf-dist/tex/latex/amsmath/amstext.sty
Package: amstext 2000/06/29 v2.01

(/usr/local/texlive/2014/texmf-dist/tex/latex/amsmath/amsgen.sty
File: amsgen.sty 1999/11/30 v2.0
\@emptytoks=\toks15
\ex@=\dimen103
))
(/usr/local/texlive/2014/texmf-dist/tex/latex/amsmath/amsbsy.sty
Package: amsbsy 1999/11/29 v1.2d
\pmbraise@=\dimen104
)
(/usr/local/texlive/2014/texmf-dist/tex/latex/amsmath/amsopn.sty
Package: amsopn 1999/12/14 v2.01 operator names
)
\inf@bad=\count87
LaTeX Info: Redefining \frac on input line 210.
\uproot@=\count88
\leftroot@=\count89
LaTeX Info: Redefining \overline on input line 306.
\classnum@=\count90
\DOTSCASE@=\count91
LaTeX Info: Redefining \ldots on input line 378.
LaTeX Info: Redefining \dots on input line 381.
LaTeX Info: Redefining \cdots on input line 466.
\Mathstrutbox@=\box26
\strutbox@=\box27
\big@size=\dimen105
LaTeX Font Info:    Redeclaring font encoding OML on input line 566.
LaTeX Font Info:    Redeclaring font encoding OMS on input line 567.
\macc@depth=\count92
\c@MaxMatrixCols=\count93
\dotsspace@=\muskip10
\c@parentequation=\count94
\dspbrk@lvl=\count95
\tag@help=\toks16
\row@=\count96
\column@=\count97
\maxfields@=\count98
\andhelp@=\toks17
\eqnshift@=\dimen106
\alignsep@=\dimen107
\tagshift@=\dimen108
\tagwidth@=\dimen109
\totwidth@=\dimen110
\lineht@=\dimen111
\@envbody=\toks18
\multlinegap=\skip44
\multlinetaggap=\skip45
\mathdisplay@stack=\toks19
LaTeX Info: Redefining \[ on input line 2665.
LaTeX Info: Redefining \] on input line 2666.
)
(/usr/local/texlive/2014/texmf-dist/tex/latex/geometry/geometry.sty
Package: geometry 2010/09/12 v5.6 Page Geometry

(/usr/local/texlive/2014/texmf-dist/tex/latex/graphics/keyval.sty
Package: keyval 2014/05/08 v1.15 key=value parser (DPC)
\KV@toks@=\toks20
)
(/usr/local/texlive/2014/texmf-dist/tex/generic/oberdiek/ifpdf.sty
Package: ifpdf 2011/01/30 v2.3 Provides the ifpdf switch (HO)
Package ifpdf Info: pdfTeX in PDF mode is detected.
)
(/usr/local/texlive/2014/texmf-dist/tex/generic/oberdiek/ifvtex.sty
Package: ifvtex 2010/03/01 v1.5 Detect VTeX and its facilities (HO)
Package ifvtex Info: VTeX not detected.
)
(/usr/local/texlive/2014/texmf-dist/tex/generic/ifxetex/ifxetex.sty
Package: ifxetex 2010/09/12 v0.6 Provides ifxetex conditional
)
\Gm@cnth=\count99
\Gm@cntv=\count100
\c@Gm@tempcnt=\count101
\Gm@bindingoffset=\dimen112
\Gm@wd@mp=\dimen113
\Gm@odd@mp=\dimen114
\Gm@even@mp=\dimen115
\Gm@layoutwidth=\dimen116
\Gm@layoutheight=\dimen117
\Gm@layouthoffset=\dimen118
\Gm@layoutvoffset=\dimen119
\Gm@dimlist=\toks21
)
(/usr/local/texlive/2014/texmf-dist/tex/latex/fancyhdr/fancyhdr.sty
\fancy@headwidth=\skip46
\f@ncyO@elh=\skip47
\f@ncyO@erh=\skip48
\f@ncyO@olh=\skip49
\f@ncyO@orh=\skip50
\f@ncyO@elf=\skip51
\f@ncyO@erf=\skip52
\f@ncyO@olf=\skip53
\f@ncyO@orf=\skip54
)
(/usr/local/texlive/2014/texmf-dist/tex/latex/amsfonts/amssymb.sty
Package: amssymb 2013/01/14 v3.01 AMS font symbols
)
(/usr/local/texlive/2014/texmf-dist/tex/latex/graphics/color.sty
Package: color 2014/04/23 v1.1a Standard LaTeX Color (DPC)

(/usr/local/texlive/2014/texmf-dist/tex/latex/latexconfig/color.cfg
File: color.cfg 2007/01/18 v1.5 color configuration of teTeX/TeXLive
)
Package color Info: Driver file: pdftex.def on input line 137.

(/usr/local/texlive/2014/texmf-dist/tex/latex/pdftex-def/pdftex.def
File: pdftex.def 2011/05/27 v0.06d Graphics/color for pdfTeX

(/usr/local/texlive/2014/texmf-dist/tex/generic/oberdiek/infwarerr.sty
Package: infwarerr 2010/04/08 v1.3 Providing info/warning/error messages (HO)
)
(/usr/local/texlive/2014/texmf-dist/tex/generic/oberdiek/ltxcmds.sty
Package: ltxcmds 2011/11/09 v1.22 LaTeX kernel commands for general use (HO)
)
\Gread@gobject=\count102
))
(/usr/local/texlive/2014/texmf-dist/tex/latex/hyperref/hyperref.sty
Package: hyperref 2012/11/06 v6.83m Hypertext links for LaTeX

(/usr/local/texlive/2014/texmf-dist/tex/generic/oberdiek/hobsub-hyperref.sty
Package: hobsub-hyperref 2012/05/28 v1.13 Bundle oberdiek, subset hyperref (HO)


(/usr/local/texlive/2014/texmf-dist/tex/generic/oberdiek/hobsub-generic.sty
Package: hobsub-generic 2012/05/28 v1.13 Bundle oberdiek, subset generic (HO)
Package: hobsub 2012/05/28 v1.13 Construct package bundles (HO)
Package hobsub Info: Skipping package `infwarerr' (already loaded).
Package hobsub Info: Skipping package `ltxcmds' (already loaded).
Package: ifluatex 2010/03/01 v1.3 Provides the ifluatex switch (HO)
Package ifluatex Info: LuaTeX not detected.
Package hobsub Info: Skipping package `ifvtex' (already loaded).
Package: intcalc 2007/09/27 v1.1 Expandable calculations with integers (HO)
Package hobsub Info: Skipping package `ifpdf' (already loaded).
Package: etexcmds 2011/02/16 v1.5 Avoid name clashes with e-TeX commands (HO)
Package etexcmds Info: Could not find \expanded.
(etexcmds)             That can mean that you are not using pdfTeX 1.50 or
(etexcmds)             that some package has redefined \expanded.
(etexcmds)             In the latter case, load this package earlier.
Package: kvsetkeys 2012/04/25 v1.16 Key value parser (HO)
Package: kvdefinekeys 2011/04/07 v1.3 Define keys (HO)
Package: pdftexcmds 2011/11/29 v0.20 Utility functions of pdfTeX for LuaTeX (HO
)
Package pdftexcmds Info: LuaTeX not detected.
Package pdftexcmds Info: \pdf@primitive is available.
Package pdftexcmds Info: \pdf@ifprimitive is available.
Package pdftexcmds Info: \pdfdraftmode found.
Package: pdfescape 2011/11/25 v1.13 Implements pdfTeX's escape features (HO)
Package: bigintcalc 2012/04/08 v1.3 Expandable calculations on big integers (HO
)
Package: bitset 2011/01/30 v1.1 Handle bit-vector datatype (HO)
Package: uniquecounter 2011/01/30 v1.2 Provide unlimited unique counter (HO)
)
Package hobsub Info: Skipping package `hobsub' (already loaded).
Package: letltxmacro 2010/09/02 v1.4 Let assignment for LaTeX macros (HO)
Package: hopatch 2012/05/28 v1.2 Wrapper for package hooks (HO)
Package: xcolor-patch 2011/01/30 xcolor patch
Package: atveryend 2011/06/30 v1.8 Hooks at the very end of document (HO)
Package atveryend Info: \enddocument detected (standard20110627).
Package: atbegshi 2011/10/05 v1.16 At begin shipout hook (HO)
Package: refcount 2011/10/16 v3.4 Data extraction from label references (HO)
Package: hycolor 2011/01/30 v1.7 Color options for hyperref/bookmark (HO)
)
(/usr/local/texlive/2014/texmf-dist/tex/latex/oberdiek/auxhook.sty
Package: auxhook 2011/03/04 v1.3 Hooks for auxiliary files (HO)
)
(/usr/local/texlive/2014/texmf-dist/tex/latex/oberdiek/kvoptions.sty
Package: kvoptions 2011/06/30 v3.11 Key value format for package options (HO)
)
\@linkdim=\dimen120
\Hy@linkcounter=\count103
\Hy@pagecounter=\count104

(/usr/local/texlive/2014/texmf-dist/tex/latex/hyperref/pd1enc.def
File: pd1enc.def 2012/11/06 v6.83m Hyperref: PDFDocEncoding definition (HO)
)
\Hy@SavedSpaceFactor=\count105

(/usr/local/texlive/2014/texmf-dist/tex/latex/latexconfig/hyperref.cfg
File: hyperref.cfg 2002/06/06 v1.2 hyperref configuration of TeXLive
)
Package hyperref Info: Hyper figures OFF on input line 4443.
Package hyperref Info: Link nesting OFF on input line 4448.
Package hyperref Info: Hyper index ON on input line 4451.
Package hyperref Info: Plain pages OFF on input line 4458.
Package hyperref Info: Backreferencing OFF on input line 4463.
Package hyperref Info: Implicit mode ON; LaTeX internals redefined.
Package hyperref Info: Bookmarks ON on input line 4688.
\c@Hy@tempcnt=\count106

(/usr/local/texlive/2014/texmf-dist/tex/latex/url/url.sty
\Urlmuskip=\muskip11
Package: url 2013/09/16  ver 3.4  Verb mode for urls, etc.
)
LaTeX Info: Redefining \url on input line 5041.
\XeTeXLinkMargin=\dimen121
\Fld@menulength=\count107
\Field@Width=\dimen122
\Fld@charsize=\dimen123
Package hyperref Info: Hyper figures OFF on input line 6295.
Package hyperref Info: Link nesting OFF on input line 6300.
Package hyperref Info: Hyper index ON on input line 6303.
Package hyperref Info: backreferencing OFF on input line 6310.
Package hyperref Info: Link coloring OFF on input line 6315.
Package hyperref Info: Link coloring with OCG OFF on input line 6320.
Package hyperref Info: PDF/A mode OFF on input line 6325.
LaTeX Info: Redefining \ref on input line 6365.
LaTeX Info: Redefining \pageref on input line 6369.
\Hy@abspage=\count108
\c@Item=\count109
\c@Hfootnote=\count110
)

Package hyperref Message: Driver: hpdftex.

(/usr/local/texlive/2014/texmf-dist/tex/latex/hyperref/hpdftex.def
File: hpdftex.def 2012/11/06 v6.83m Hyperref driver for pdfTeX
\Fld@listcount=\count111
\c@bookmark@seq@number=\count112

(/usr/local/texlive/2014/texmf-dist/tex/latex/oberdiek/rerunfilecheck.sty
Package: rerunfilecheck 2011/04/15 v1.7 Rerun checks for auxiliary files (HO)
Package uniquecounter Info: New unique counter `rerunfilecheck' on input line 2
82.
)
\Hy@SectionHShift=\skip55
)
(/usr/local/texlive/2014/texmf-dist/tex/latex/graphics/graphicx.sty
Package: graphicx 2014/04/25 v1.0g Enhanced LaTeX Graphics (DPC,SPQR)

(/usr/local/texlive/2014/texmf-dist/tex/latex/graphics/graphics.sty
Package: graphics 2009/02/05 v1.0o Standard LaTeX Graphics (DPC,SPQR)

(/usr/local/texlive/2014/texmf-dist/tex/latex/graphics/trig.sty
Package: trig 1999/03/16 v1.09 sin cos tan (DPC)
)
(/usr/local/texlive/2014/texmf-dist/tex/latex/latexconfig/graphics.cfg
File: graphics.cfg 2010/04/23 v1.9 graphics configuration of TeX Live
)
Package graphics Info: Driver file: pdftex.def on input line 91.
)
\Gin@req@height=\dimen124
\Gin@req@width=\dimen125
)
(/usr/local/texlive/2014/texmf-dist/tex/latex/subfigure/subfigure.sty
Package: subfigure 2002/03/15 v2.1.5 subfigure package
\subfigtopskip=\skip56
\subfigcapskip=\skip57
\subfigcaptopadj=\dimen126
\subfigbottomskip=\skip58
\subfigcapmargin=\dimen127
\subfiglabelskip=\skip59
\c@subfigure=\count113
\c@lofdepth=\count114
\c@subtable=\count115
\c@lotdepth=\count116

****************************************
* Local config file subfigure.cfg used *
****************************************
(/usr/local/texlive/2014/texmf-dist/tex/latex/subfigure/subfigure.cfg)
\subfig@top=\skip60
\subfig@bottom=\skip61
)

Package hyperref Warning: Option `a4paper' is no longer used.

Package hyperref Info: Option `breaklinks' set `true' on input line 40.
\c@theorem=\count117
(./Part1_eJMT_1209.aux)
\openout1 = `Part1_eJMT_1209.aux'.

LaTeX Font Info:    Checking defaults for OML/cmm/m/it on input line 74.
LaTeX Font Info:    ... okay on input line 74.
LaTeX Font Info:    Checking defaults for T1/cmr/m/n on input line 74.
LaTeX Font Info:    ... okay on input line 74.
LaTeX Font Info:    Checking defaults for OT1/cmr/m/n on input line 74.
LaTeX Font Info:    ... okay on input line 74.
LaTeX Font Info:    Checking defaults for OMS/cmsy/m/n on input line 74.
LaTeX Font Info:    ... okay on input line 74.
LaTeX Font Info:    Checking defaults for OMX/cmex/m/n on input line 74.
LaTeX Font Info:    ... okay on input line 74.
LaTeX Font Info:    Checking defaults for U/cmr/m/n on input line 74.
LaTeX Font Info:    ... okay on input line 74.
LaTeX Font Info:    Checking defaults for PD1/pdf/m/n on input line 74.
LaTeX Font Info:    ... okay on input line 74.

*geometry* driver: auto-detecting
*geometry* detected driver: pdftex
*geometry* verbose mode - [ preamble ] result:
* driver: pdftex
* paper: a4paper
* layout: <same size as paper>
* layoutoffset:(h,v)=(0.0pt,0.0pt)
* modes: 
* h-part:(L,W,R)=(56.9055pt, 483.69687pt, 56.9055pt)
* v-part:(T,H,B)=(91.04872pt, 662.9494pt, 91.04872pt)
* \paperwidth=597.50787pt
* \paperheight=845.04684pt
* \textwidth=483.69687pt
* \textheight=662.9494pt
* \oddsidemargin=-15.36449pt
* \evensidemargin=-15.36449pt
* \topmargin=-20.22127pt
* \headheight=14.0pt
* \headsep=25.0pt
* \topskip=12.0pt
* \footskip=30.0pt
* \marginparwidth=35.0pt
* \marginparsep=10.0pt
* \columnsep=10.0pt
* \skip\footins=10.8pt plus 4.0pt minus 2.0pt
* \hoffset=0.0pt
* \voffset=0.0pt
* \mag=1000
* \@twocolumnfalse
* \@twosidefalse
* \@mparswitchfalse
* \@reversemarginfalse
* (1in=72.27pt=25.4mm, 1cm=28.453pt)

(/usr/local/texlive/2014/texmf-dist/tex/context/base/supp-pdf.mkii
[Loading MPS to PDF converter (version 2006.09.02).]
\scratchcounter=\count118
\scratchdimen=\dimen128
\scratchbox=\box28
\nofMPsegments=\count119
\nofMParguments=\count120
\everyMPshowfont=\toks22
\MPscratchCnt=\count121
\MPscratchDim=\dimen129
\MPnumerator=\count122
\makeMPintoPDFobject=\count123
\everyMPtoPDFconversion=\toks23
)
\AtBeginShipoutBox=\box29
Package hyperref Info: Link coloring OFF on input line 74.
 (/usr/local/texlive/2014/texmf-dist/tex/latex/hyperref/nameref.sty
Package: nameref 2012/10/27 v2.43 Cross-referencing by name of section

(/usr/local/texlive/2014/texmf-dist/tex/generic/oberdiek/gettitlestring.sty
Package: gettitlestring 2010/12/03 v1.4 Cleanup title references (HO)
)
\c@section@level=\count124
)
LaTeX Info: Redefining \ref on input line 74.
LaTeX Info: Redefining \pageref on input line 74.
LaTeX Info: Redefining \nameref on input line 74.

(./Part1_eJMT_1209.out) (./Part1_eJMT_1209.out)
\@outlinefile=\write3
\openout3 = `Part1_eJMT_1209.out'.


(/usr/local/texlive/2014/texmf-dist/tex/latex/oberdiek/epstopdf-base.sty
Package: epstopdf-base 2010/02/09 v2.5 Base part for package epstopdf

(/usr/local/texlive/2014/texmf-dist/tex/latex/oberdiek/grfext.sty
Package: grfext 2010/08/19 v1.1 Manage graphics extensions (HO)
)
Package grfext Info: Graphics extension search list:
(grfext)             [.png,.pdf,.jpg,.mps,.jpeg,.jbig2,.jb2,.PNG,.PDF,.JPG,.JPE
G,.JBIG2,.JB2,.eps]
(grfext)             \AppendGraphicsExtensions on input line 452.

(/usr/local/texlive/2014/texmf-dist/tex/latex/latexconfig/epstopdf-sys.cfg
File: epstopdf-sys.cfg 2010/07/13 v1.3 Configuration of (r)epstopdf for TeX Liv
e
))
LaTeX Font Info:    Try loading font information for U+msa on input line 83.

(/usr/local/texlive/2014/texmf-dist/tex/latex/amsfonts/umsa.fd
File: umsa.fd 2013/01/14 v3.01 AMS symbols A
)
LaTeX Font Info:    Try loading font information for U+msb on input line 83.

(/usr/local/texlive/2014/texmf-dist/tex/latex/amsfonts/umsb.fd
File: umsb.fd 2013/01/14 v3.01 AMS symbols B
) [1

{/usr/local/texlive/2014/texmf-var/fonts/map/pdftex/updmap/pdftex.map}]
<./Images_Meade/PJH75H1I.pdf, id=79, 291.61229pt x 257.49744pt>
File: ./Images_Meade/PJH75H1I.pdf Graphic file (type pdf)

<use ./Images_Meade/PJH75H1I.pdf>
Package pdftex.def Info: ./Images_Meade/PJH75H1I.pdf used on input line 180.
(pdftex.def)             Requested size: 149.48117pt x 114.23041pt.
 [2 <./Images_Meade/PJH75H1I.pdf>] [3]
<./Images_Meade/Figure6.pdf, id=113, 200.75pt x 230.8625pt>
File: ./Images_Meade/Figure6.pdf Graphic file (type pdf)

<use ./Images_Meade/Figure6.pdf>
Package pdftex.def Info: ./Images_Meade/Figure6.pdf used on input line 339.
(pdftex.def)             Requested size: 122.43587pt x 140.63568pt.

<./Images_Meade/Figure7.pdf, id=114, 614.295pt x 794.97pt>
File: ./Images_Meade/Figure7.pdf Graphic file (type pdf)

<use ./Images_Meade/Figure7.pdf>
Package pdftex.def Info: ./Images_Meade/Figure7.pdf used on input line 344.
(pdftex.def)             Requested size: 121.60078pt x 141.40231pt.

<./Images_Meade/PJH75H12.pdf, id=119, 236.082pt x 219.01825pt>
File: ./Images_Meade/PJH75H12.pdf Graphic file (type pdf)

<use ./Images_Meade/PJH75H12.pdf>
Package pdftex.def Info: ./Images_Meade/PJH75H12.pdf used on input line 366.
(pdftex.def)             Requested size: 106.47366pt x 97.4344pt.

<./Images_Meade/PJH75H13.pdf, id=120, 239.09325pt x 219.01825pt>
File: ./Images_Meade/PJH75H13.pdf Graphic file (type pdf)

<use ./Images_Meade/PJH75H13.pdf>
Package pdftex.def Info: ./Images_Meade/PJH75H13.pdf used on input line 372.
(pdftex.def)             Requested size: 112.37383pt x 101.15732pt.

Overfull \hbox (3.96883pt too wide) in paragraph at lines 372--372
 [] 
 []

<./Images_Meade/PJH75H14.pdf, id=121, 234.0745pt x 219.01825pt>
File: ./Images_Meade/PJH75H14.pdf Graphic file (type pdf)

<use ./Images_Meade/PJH75H14.pdf>
Package pdftex.def Info: ./Images_Meade/PJH75H14.pdf used on input line 378.
(pdftex.def)             Requested size: 110.19003pt x 101.5383pt.

Overfull \hbox (1.78503pt too wide) in paragraph at lines 378--378
 [] 
 []

<./Images_Meade/PJH75H15.pdf, id=122, 233.07074pt x 221.02574pt>
File: ./Images_Meade/PJH75H15.pdf Graphic file (type pdf)

<use ./Images_Meade/PJH75H15.pdf>
Package pdftex.def Info: ./Images_Meade/PJH75H15.pdf used on input line 384.
(pdftex.def)             Requested size: 105.76994pt x 98.90755pt.

<./Images_Meade/PJH75H16.pdf, id=123, 236.082pt x 225.04074pt>
File: ./Images_Meade/PJH75H16.pdf Graphic file (type pdf)

<use ./Images_Meade/PJH75H16.pdf>
Package pdftex.def Info: ./Images_Meade/PJH75H16.pdf used on input line 390.
(pdftex.def)             Requested size: 106.92395pt x 100.64243pt.

<./Images_Meade/PJH75H17.pdf, id=124, 231.06325pt x 218.0145pt>
File: ./Images_Meade/PJH75H17.pdf Graphic file (type pdf)

<use ./Images_Meade/PJH75H17.pdf>
Package pdftex.def Info: ./Images_Meade/PJH75H17.pdf used on input line 396.
(pdftex.def)             Requested size: 107.75356pt x 100.19473pt.

<./Images_Meade/exercise2.pdf, id=127, 614.295pt x 794.97pt>
File: ./Images_Meade/exercise2.pdf Graphic file (type pdf)

<use ./Images_Meade/exercise2.pdf>
Package pdftex.def Info: ./Images_Meade/exercise2.pdf used on input line 428.
(pdftex.def)             Requested size: 150.90195pt x 90.89195pt.

<./Images_Meade/exercise2(b).pdf, id=128, 614.295pt x 794.97pt>
File: ./Images_Meade/exercise2(b).pdf Graphic file (type pdf)

<use ./Images_Meade/exercise2(b).pdf>
Package pdftex.def Info: ./Images_Meade/exercise2(b).pdf used on input line 433
.
(pdftex.def)             Requested size: 153.27342pt x 91.28012pt.
 [4 <./Images_Meade/Figure6.pdf> <./Images_Meade/Figure7.pdf>] [5 <./Images_Mea
de/PJH75H12.pdf> <./Images_Meade/PJH75H13.pdf> <./Images_Meade/PJH75H14.pdf> <.
/Images_Meade/PJH75H15.pdf> <./Images_Meade/PJH75H16.pdf> <./Images_Meade/PJH75
H17.pdf> <./Images_Meade/exercise2.pdf> <./Images_Meade/exercise2(b).pdf>]
<./Images_Meade/PJH75H18.pdf, id=203, 350.5095pt x 334.44951pt>
File: ./Images_Meade/PJH75H18.pdf Graphic file (type pdf)

<use ./Images_Meade/PJH75H18.pdf>
Package pdftex.def Info: ./Images_Meade/PJH75H18.pdf used on input line 566.
(pdftex.def)             Requested size: 118.0057pt x 111.79248pt.
 [6]
<./Images_Meade/PJH75H19.pdf, id=212, 233.07074pt x 223.03325pt>
File: ./Images_Meade/PJH75H19.pdf Graphic file (type pdf)

<use ./Images_Meade/PJH75H19.pdf>
Package pdftex.def Info: ./Images_Meade/PJH75H19.pdf used on input line 636.
(pdftex.def)             Requested size: 142.30807pt x 135.19586pt.

Overfull \hbox (4.99553pt too wide) in paragraph at lines 636--636
 [] 
 []

<./Images_Meade/PJH75H1A.pdf, id=213, 202.29909pt x 194.24698pt>
File: ./Images_Meade/PJH75H1A.pdf Graphic file (type pdf)

<use ./Images_Meade/PJH75H1A.pdf>
Package pdftex.def Info: ./Images_Meade/PJH75H1A.pdf used on input line 641.
(pdftex.def)             Requested size: 142.50047pt x 136.9293pt.

Overfull \hbox (5.18793pt too wide) in paragraph at lines 641--641
 [] 
 []

<./Images_Meade/PJH75H1B.pdf, id=214, 210.80647pt x 190.74728pt>
File: ./Images_Meade/PJH75H1B.pdf Graphic file (type pdf)

<use ./Images_Meade/PJH75H1B.pdf>
Package pdftex.def Info: ./Images_Meade/PJH75H1B.pdf used on input line 646.
(pdftex.def)             Requested size: 152.25017pt x 137.89093pt.

Overfull \hbox (14.93762pt too wide) in paragraph at lines 646--646
 [] 
 []

<./Images_Meade/eJMT-1.pdf, id=216, 614.295pt x 794.97pt>
File: ./Images_Meade/eJMT-1.pdf Graphic file (type pdf)

<use ./Images_Meade/eJMT-1.pdf>
Package pdftex.def Info: ./Images_Meade/eJMT-1.pdf used on input line 676.
(pdftex.def)             Requested size: 189.41714pt x 100.5719pt.
 [7 <./Images_Meade/PJH75H18.pdf>] [8 <./Images_Meade/PJH75H19.pdf> <./Images_M
eade/PJH75H1A.pdf> <./Images_Meade/PJH75H1B.pdf

pdfTeX warning: pdflatex (file ./Images_Meade/PJH75H1B.pdf): PDF inclusion: mul
tiple pdfs with page group included in a single page
> <./Images_Meade/eJMT-1.pdf>] [9]
<./Images_Meade/IF+IG.pdf, id=281, 614.295pt x 794.97pt>
File: ./Images_Meade/IF+IG.pdf Graphic file (type pdf)

<use ./Images_Meade/IF+IG.pdf>
Package pdftex.def Info: ./Images_Meade/IF+IG.pdf used on input line 807.
(pdftex.def)             Requested size: 202.1087pt x 161.79327pt.

<./Images_Meade/IF+IG_Pi.pdf, id=282, 614.295pt x 794.97pt>
File: ./Images_Meade/IF+IG_Pi.pdf Graphic file (type pdf)

<use ./Images_Meade/IF+IG_Pi.pdf>
Package pdftex.def Info: ./Images_Meade/IF+IG_Pi.pdf used on input line 813.
(pdftex.def)             Requested size: 206.14862pt x 163.07907pt.

Overfull \hbox (3.7924pt too wide) in paragraph at lines 813--813
 [] 
 []

<./Images_Meade/PJH75H1C.pdf, id=283, 185.7396pt x 161.12796pt>
File: ./Images_Meade/PJH75H1C.pdf Graphic file (type pdf)

<use ./Images_Meade/PJH75H1C.pdf>
Package pdftex.def Info: ./Images_Meade/PJH75H1C.pdf used on input line 819.
(pdftex.def)             Requested size: 162.88449pt x 141.54224pt.

<./Images_Meade/PJH75H1D.pdf, id=284, 164.6561pt x 168.15579pt>
File: ./Images_Meade/PJH75H1D.pdf Graphic file (type pdf)

<use ./Images_Meade/PJH75H1D.pdf>
Package pdftex.def Info: ./Images_Meade/PJH75H1D.pdf used on input line 825.
(pdftex.def)             Requested size: 161.9347pt x 140.90863pt.
 [10] [11 <./Images_Meade/IF+IG.pdf> <./Images_Meade/IF+IG_Pi.pdf> <./Images_Me
ade/PJH75H1C.pdf> <./Images_Meade/PJH75H1D.pdf

pdfTeX warning: pdflatex (file ./Images_Meade/PJH75H1D.pdf): PDF inclusion: mul
tiple pdfs with page group included in a single page
>] <./Images_Meade/PJH75H1E.pdf, id=337, 163.11966pt x 169.66379pt>
File: ./Images_Meade/PJH75H1E.pdf Graphic file (type pdf)

<use ./Images_Meade/PJH75H1E.pdf>
Package pdftex.def Info: ./Images_Meade/PJH75H1E.pdf used on input line 918.
(pdftex.def)             Requested size: 113.52089pt x 118.01306pt.

<./Images_Meade/PJH75H1F.pdf, id=338, 177.68745pt x 188.24344pt>
File: ./Images_Meade/PJH75H1F.pdf Graphic file (type pdf)

<use ./Images_Meade/PJH75H1F.pdf>
Package pdftex.def Info: ./Images_Meade/PJH75H1F.pdf used on input line 924.
(pdftex.def)             Requested size: 112.56456pt x 119.09952pt.

<./Images_Meade/PJH75H1G.pdf, id=339, 182.21146pt x 175.18361pt>
File: ./Images_Meade/PJH75H1G.pdf Graphic file (type pdf)

<use ./Images_Meade/PJH75H1G.pdf>
Package pdftex.def Info: ./Images_Meade/PJH75H1G.pdf used on input line 930.
(pdftex.def)             Requested size: 113.0144pt x 108.6528pt.

<./Images_Meade/PJH75H1H.pdf, id=340, 299.15227pt x 309.16765pt>
File: ./Images_Meade/PJH75H1H.pdf Graphic file (type pdf)

<use ./Images_Meade/PJH75H1H.pdf>
Package pdftex.def Info: ./Images_Meade/PJH75H1H.pdf used on input line 936.
(pdftex.def)             Requested size: 106.9872pt x 110.51244pt.
 [12 <./Images_Meade/PJH75H1E.pdf> <./Images_Meade/PJH75H1F.pdf

pdfTeX warning: pdflatex (file ./Images_Meade/PJH75H1F.pdf): PDF inclusion: mul
tiple pdfs with page group included in a single page
> <./Images_Meade/PJH75H1G.pdf

pdfTeX warning: pdflatex (file ./Images_Meade/PJH75H1G.pdf): PDF inclusion: mul
tiple pdfs with page group included in a single page
> <./Images_Meade/PJH75H1H.pdf

pdfTeX warning: pdflatex (file ./Images_Meade/PJH75H1H.pdf): PDF inclusion: mul
tiple pdfs with page group included in a single page
>]
File: ./Images_Meade/PJH75H1I.pdf Graphic file (type pdf)
 <use ./Images_Meade/PJH75H1I.pdf>
Package pdftex.def Info: ./Images_Meade/PJH75H1I.pdf used on input line 966.
(pdftex.def)             Requested size: 167.49776pt x 148.07951pt.

<./Images_Meade/PJH75H1J.pdf, id=374, 302.6804pt x 260.99715pt>
File: ./Images_Meade/PJH75H1J.pdf Graphic file (type pdf)

<use ./Images_Meade/PJH75H1J.pdf>
Package pdftex.def Info: ./Images_Meade/PJH75H1J.pdf used on input line 971.
(pdftex.def)             Requested size: 171.66595pt x 148.27608pt.
 [13 <./Images_Meade/PJH75H1J.pdf>]
Overfull \hbox (19.74608pt too wide) in paragraph at lines 1019--1024
\OT1/cmr/m/n/12 Since $\OML/cmm/m/it/12 a > \OT1/cmr/m/n/12 0$, this re-quires 
$\OML/cmm/m/it/12 x \OT1/cmr/m/n/12 = \OMS/cmsy/m/n/12 ^^@\OML/cmm/m/it/12 x[]$
 \OT1/cmr/m/n/12 and so the point of in-ter-sec-tion is $\OML/cmm/m/it/12 I \OT
1/cmr/m/n/12 = (\OMS/cmsy/m/n/12 ^^@\OML/cmm/m/it/12 x[]; \OMS/cmsy/m/n/12 ^^@[
] [] []$\OT1/cmr/m/n/12 .
 []

<./Images_Meade/PJH75I1K.pdf, id=403, 304.337pt x 291.28827pt>
File: ./Images_Meade/PJH75I1K.pdf Graphic file (type pdf)

<use ./Images_Meade/PJH75I1K.pdf>
Package pdftex.def Info: ./Images_Meade/PJH75I1K.pdf used on input line 1083.
(pdftex.def)             Requested size: 153.84918pt x 145.76822pt.

<./Images_Meade/PJH75I1L.pdf, id=404, 291.28827pt x 359.54326pt>
File: ./Images_Meade/PJH75I1L.pdf Graphic file (type pdf)

<use ./Images_Meade/PJH75I1L.pdf>
Package pdftex.def Info: ./Images_Meade/PJH75I1L.pdf used on input line 1088.
(pdftex.def)             Requested size: 117.6244pt x 149.87698pt.
 [14] [15 <./Images_Meade/PJH75I1K.pdf> <./Images_Meade/PJH75I1L.pdf>]
<./Images_Meade/PJH75I1M.pdf, id=431, 471.96326pt x 96.56075pt>
File: ./Images_Meade/PJH75I1M.pdf Graphic file (type pdf)

<use ./Images_Meade/PJH75I1M.pdf>
Package pdftex.def Info: ./Images_Meade/PJH75I1M.pdf used on input line 1177.
(pdftex.def)             Requested size: 474.31702pt x 60.19412pt.

<./Images_Meade/PJH75I1N.pdf, id=432, 471.96326pt x 89.5345pt>
File: ./Images_Meade/PJH75I1N.pdf Graphic file (type pdf)

<use ./Images_Meade/PJH75I1N.pdf>
Package pdftex.def Info: ./Images_Meade/PJH75I1N.pdf used on input line 1177.
(pdftex.def)             Requested size: 474.31702pt x 52.56258pt.
File: ./Images_Meade/PJH75I1M.pdf Graphic file (type pdf)
 <use ./Images_Meade/PJH75I1M.pdf>
Package pdftex.def Info: ./Images_Meade/PJH75I1M.pdf used on input line 1177.
(pdftex.def)             Requested size: 474.31702pt x 60.19412pt.
File: ./Images_Meade/PJH75I1N.pdf Graphic file (type pdf)

<use ./Images_Meade/PJH75I1N.pdf>
Package pdftex.def Info: ./Images_Meade/PJH75I1N.pdf used on input line 1177.
(pdftex.def)             Requested size: 474.31702pt x 52.56258pt.

Overfull \hbox (7.48009pt too wide) detected at line 1197
[]
 []

<./Images_Meade/PJH75I1O.pdf, id=437, 223.03325pt x 229.05574pt>
File: ./Images_Meade/PJH75I1O.pdf Graphic file (type pdf)

<use ./Images_Meade/PJH75I1O.pdf>
Package pdftex.def Info: ./Images_Meade/PJH75I1O.pdf used on input line 1218.
(pdftex.def)             Requested size: 170.00047pt x 175.57657pt.

<./Images_Meade/PJH75I1P.pdf, id=438, 229.05574pt x 234.0745pt>
File: ./Images_Meade/PJH75I1P.pdf Graphic file (type pdf)

<use ./Images_Meade/PJH75I1P.pdf>
Package pdftex.def Info: ./Images_Meade/PJH75I1P.pdf used on input line 1223.
(pdftex.def)             Requested size: 170.1941pt x 175.58043pt.

<./Images_Meade/Figure3.pdf, id=440, 614.295pt x 794.97pt>
File: ./Images_Meade/Figure3.pdf Graphic file (type pdf)

<use ./Images_Meade/Figure3.pdf>
Package pdftex.def Info: ./Images_Meade/Figure3.pdf used on input line 1247.
(pdftex.def)             Requested size: 143.58134pt x 147.62514pt.
 [16 <./Images_Meade/PJH75I1M.pdf> <./Images_Meade/PJH75I1N.pdf>] [17 <./Images
_Meade/PJH75I1O.pdf> <./Images_Meade/PJH75I1P.pdf> <./Images_Meade/Figure3.pdf>
]
<./Images_Meade/PJH75I1Q.pdf, id=481, 265.19077pt x 298.31451pt>
File: ./Images_Meade/PJH75I1Q.pdf Graphic file (type pdf)

<use ./Images_Meade/PJH75I1Q.pdf>
Package pdftex.def Info: ./Images_Meade/PJH75I1Q.pdf used on input line 1319.
(pdftex.def)             Requested size: 126.91783pt x 145.31961pt.

Overfull \hbox (5.3162pt too wide) in paragraph at lines 1319--1319
 [] 
 []

<./Images_Meade/PJH75I1R.pdf, id=482, 277.23576pt x 293.29576pt>
File: ./Images_Meade/PJH75I1R.pdf Graphic file (type pdf)

<use ./Images_Meade/PJH75I1R.pdf>
Package pdftex.def Info: ./Images_Meade/PJH75I1R.pdf used on input line 1324.
(pdftex.def)             Requested size: 136.79005pt x 145.96725pt.

Overfull \hbox (15.18842pt too wide) in paragraph at lines 1324--1324
 [] 
 []

<./Images_Meade/PJH75I1S.pdf, id=483, 297.31076pt x 290.28452pt>
File: ./Images_Meade/PJH75I1S.pdf Graphic file (type pdf)

<use ./Images_Meade/PJH75I1S.pdf>
Package pdftex.def Info: ./Images_Meade/PJH75I1S.pdf used on input line 1329.
(pdftex.def)             Requested size: 150.44695pt x 146.08534pt.

Overfull \hbox (28.8453pt too wide) in paragraph at lines 1329--1329
 [] 
 []

[18] <./Images_Meade/PJH75I1T.pdf, id=500, 471.96326pt x 94.55325pt>
File: ./Images_Meade/PJH75I1T.pdf Graphic file (type pdf)

<use ./Images_Meade/PJH75I1T.pdf>
Package pdftex.def Info: ./Images_Meade/PJH75I1T.pdf used on input line 1421.
(pdftex.def)             Requested size: 474.31702pt x 58.07703pt.

<./Images_Meade/PJH75I1U.pdf, id=501, 471.96326pt x 102.58325pt>
File: ./Images_Meade/PJH75I1U.pdf Graphic file (type pdf)

<use ./Images_Meade/PJH75I1U.pdf>
Package pdftex.def Info: ./Images_Meade/PJH75I1U.pdf used on input line 1421.
(pdftex.def)             Requested size: 474.31702pt x 67.1839pt.
File: ./Images_Meade/PJH75I1T.pdf Graphic file (type pdf)
 <use ./Images_Meade/PJH75I1T.pdf>
Package pdftex.def Info: ./Images_Meade/PJH75I1T.pdf used on input line 1421.
(pdftex.def)             Requested size: 474.31702pt x 58.07703pt.
File: ./Images_Meade/PJH75I1U.pdf Graphic file (type pdf)

<use ./Images_Meade/PJH75I1U.pdf>
Package pdftex.def Info: ./Images_Meade/PJH75I1U.pdf used on input line 1421.
(pdftex.def)             Requested size: 474.31702pt x 67.1839pt.

<./Images_Meade/PJH75I1V.pdf, id=504, 471.96326pt x 100.57574pt>
File: ./Images_Meade/PJH75I1V.pdf Graphic file (type pdf)

<use ./Images_Meade/PJH75I1V.pdf>
Package pdftex.def Info: ./Images_Meade/PJH75I1V.pdf used on input line 1439.
(pdftex.def)             Requested size: 474.31702pt x 64.68439pt.
 [19 <./Images_Meade/PJH75I1Q.pdf> <./Images_Meade/PJH75I1R.pdf> <./Images_Mead
e/PJH75I1S.pdf> <./Images_Meade/PJH75I1T.pdf> <./Images_Meade/PJH75I1U.pdf>]
<./Images_Meade/PJH75I1W.pdf, id=523, 237.08575pt x 225.04074pt>
File: ./Images_Meade/PJH75I1W.pdf Graphic file (type pdf)

<use ./Images_Meade/PJH75I1W.pdf>
Package pdftex.def Info: ./Images_Meade/PJH75I1W.pdf used on input line 1459.
(pdftex.def)             Requested size: 167.12015pt x 156.47668pt.

Overfull \hbox (0.89894pt too wide) in paragraph at lines 1459--1459
 [] 
 []

<./Images_Meade/PJH75I1X.pdf, id=524, 241.10075pt x 240.097pt>
File: ./Images_Meade/PJH75I1X.pdf Graphic file (type pdf)

<use ./Images_Meade/PJH75I1X.pdf>
Package pdftex.def Info: ./Images_Meade/PJH75I1X.pdf used on input line 1464.
(pdftex.def)             Requested size: 158.90993pt x 158.58907pt.

<./Images_Meade/PJH75I1Y.pdf, id=525, 235.07825pt x 227.04825pt>
File: ./Images_Meade/PJH75I1Y.pdf Graphic file (type pdf)

<use ./Images_Meade/PJH75I1Y.pdf>
Package pdftex.def Info: ./Images_Meade/PJH75I1Y.pdf used on input line 1469.
(pdftex.def)             Requested size: 167.44475pt x 160.19374pt.

Overfull \hbox (1.22354pt too wide) in paragraph at lines 1469--1469
 [] 
 []


Overfull \hbox (10.65793pt too wide) in paragraph at lines 1474--1474
[]\OT1/cmr/m/n/12 Figure 15: []Comparison of the para-met-ric curves $[\OML/cmm
/m/it/12 X\OT1/cmr/m/n/12 (\OMS/cmsy/m/n/12 ^^@\OT1/cmr/m/n/12 2\OML/cmm/m/it/1
2 ; \OT1/cmr/m/n/12 0\OML/cmm/m/it/12 :\OT1/cmr/m/n/12 7\OML/cmm/m/it/12 ; t; \
OT1/cmr/m/n/12 2\OML/cmm/m/it/12 :\OT1/cmr/m/n/12 1048671)\OML/cmm/m/it/12 ; Y\
OT1/cmr/m/n/12 (\OMS/cmsy/m/n/12 ^^@\OT1/cmr/m/n/12 2\OML/cmm/m/it/12 ; \OT1/cm
r/m/n/12 0\OML/cmm/m/it/12 :\OT1/cmr/m/n/12 7\OML/cmm/m/it/12 ; t; \OT1/cmr/m/n
/12 2\OML/cmm/m/it/12 :\OT1/cmr/m/n/12 1048671)]$
 []

[20 <./Images_Meade/PJH75I1V.pdf>] [21 <./Images_Meade/PJH75I1W.pdf> <./Images_
Meade/PJH75I1X.pdf> <./Images_Meade/PJH75I1Y.pdf>]
Underfull \hbox (badness 10000) in paragraph at lines 1533--1534
[]\OT1/cmr/m/n/12 ClassPad Man-ager, a prod-uct of CA-SIO, []$\OT1/cmtt/m/n/12 
https : / / edu . casio . com / freetrial /
 []

[22]
Package atveryend Info: Empty hook `BeforeClearDocument' on input line 1561.
 [23]
Package atveryend Info: Empty hook `AfterLastShipout' on input line 1561.
 (./Part1_eJMT_1209.aux)
Package atveryend Info: Executing hook `AtVeryEndDocument' on input line 1561.
Package atveryend Info: Executing hook `AtEndAfterFileList' on input line 1561.

Package rerunfilecheck Info: File `Part1_eJMT_1209.out' has not changed.
(rerunfilecheck)             Checksum: DB9297B37F8C8482FF9ED8AC9D340864;852.
Package atveryend Info: Empty hook `AtVeryVeryEnd' on input line 1561.
 ) 
Here is how much of TeX's memory you used:
 7133 strings out of 493683
 104143 string characters out of 6151640
 207112 words of memory out of 5000000
 10358 multiletter control sequences out of 15000+600000
 14181 words of font info for 54 fonts, out of 8000000 for 9000
 805 hyphenation exceptions out of 8191
 29i,21n,43p,355b,445s stack positions out of 5000i,500n,10000p,200000b,80000s
</usr/local/texlive/2014/texmf-dist/fonts/type1/public/amsfonts/cm/cmbx10.pfb
></usr/local/texlive/2014/texmf-dist/fonts/type1/public/amsfonts/cm/cmbx12.pfb>
</usr/local/texlive/2014/texmf-dist/fonts/type1/public/amsfonts/cm/cmex10.pfb><
/usr/local/texlive/2014/texmf-dist/fonts/type1/public/amsfonts/cm/cmmi12.pfb></
usr/local/texlive/2014/texmf-dist/fonts/type1/public/amsfonts/cm/cmmi8.pfb></us
r/local/texlive/2014/texmf-dist/fonts/type1/public/amsfonts/cm/cmr10.pfb></usr/
local/texlive/2014/texmf-dist/fonts/type1/public/amsfonts/cm/cmr12.pfb></usr/lo
cal/texlive/2014/texmf-dist/fonts/type1/public/amsfonts/cm/cmr6.pfb></usr/local
/texlive/2014/texmf-dist/fonts/type1/public/amsfonts/cm/cmr8.pfb></usr/local/te
xlive/2014/texmf-dist/fonts/type1/public/amsfonts/cm/cmsy10.pfb></usr/local/tex
live/2014/texmf-dist/fonts/type1/public/amsfonts/cm/cmsy8.pfb></usr/local/texli
ve/2014/texmf-dist/fonts/type1/public/amsfonts/cm/cmti12.pfb></usr/local/texliv
e/2014/texmf-dist/fonts/type1/public/amsfonts/cm/cmtt12.pfb></usr/local/texlive
/2014/texmf-dist/fonts/type1/public/amsfonts/symbols/msam10.pfb>
Output written on Part1_eJMT_1209.pdf (23 pages, 1414572 bytes).
PDF statistics:
 643 PDF objects out of 1000 (max. 8388607)
 495 compressed objects within 5 object streams
 88 named destinations out of 1000 (max. 500000)
 302 words of extra memory for PDF output out of 10000 (max. 10000000)

