This is pdfTeX, Version 3.14159265-2.6-1.40.19 (TeX Live 2018) (preloaded format=pdflatex 2018.4.16)  31 JAN 2019 13:23
entering extended mode
 restricted \write18 enabled.
 file:line:error style messages enabled.
 %&-line parsing enabled.
**YangMeade-Locus-28Jan.tex
(./YangMeade-Locus-28Jan.tex
LaTeX2e <2018-04-01> patch level 2
Babel <3.18> and hyphenation patterns for 84 language(s) loaded.
(/usr/local/texlive/2018/texmf-dist/tex/latex/base/article.cls
Document Class: article 2014/09/29 v1.4h Standard LaTeX document class
(/usr/local/texlive/2018/texmf-dist/tex/latex/base/size12.clo
File: size12.clo 2014/09/29 v1.4h Standard LaTeX file (size option)
)
\c@part=\count80
\c@section=\count81
\c@subsection=\count82
\c@subsubsection=\count83
\c@paragraph=\count84
\c@subparagraph=\count85
\c@figure=\count86
\c@table=\count87
\abovecaptionskip=\skip41
\belowcaptionskip=\skip42
\bibindent=\dimen102
)
(/usr/local/texlive/2018/texmf-dist/tex/latex/amsfonts/amsfonts.sty
Package: amsfonts 2013/01/14 v3.01 Basic AMSFonts support
\@emptytoks=\toks14
\symAMSa=\mathgroup4
\symAMSb=\mathgroup5
LaTeX Font Info:    Overwriting math alphabet `\mathfrak' in version `bold'
(Font)                  U/euf/m/n --> U/euf/b/n on input line 106.
)
(/usr/local/texlive/2018/texmf-dist/tex/latex/amsmath/amsmath.sty
Package: amsmath 2017/09/02 v2.17a AMS math features
\@mathmargin=\skip43

For additional information on amsmath, use the `?' option.
(/usr/local/texlive/2018/texmf-dist/tex/latex/amsmath/amstext.sty
Package: amstext 2000/06/29 v2.01 AMS text

(/usr/local/texlive/2018/texmf-dist/tex/latex/amsmath/amsgen.sty
File: amsgen.sty 1999/11/30 v2.0 generic functions
\@emptytoks=\toks15
\ex@=\dimen103
))
(/usr/local/texlive/2018/texmf-dist/tex/latex/amsmath/amsbsy.sty
Package: amsbsy 1999/11/29 v1.2d Bold Symbols
\pmbraise@=\dimen104
)
(/usr/local/texlive/2018/texmf-dist/tex/latex/amsmath/amsopn.sty
Package: amsopn 2016/03/08 v2.02 operator names
)
\inf@bad=\count88
LaTeX Info: Redefining \frac on input line 213.
\uproot@=\count89
\leftroot@=\count90
LaTeX Info: Redefining \overline on input line 375.
\classnum@=\count91
\DOTSCASE@=\count92
LaTeX Info: Redefining \ldots on input line 472.
LaTeX Info: Redefining \dots on input line 475.
LaTeX Info: Redefining \cdots on input line 596.
\Mathstrutbox@=\box26
\strutbox@=\box27
\big@size=\dimen105
LaTeX Font Info:    Redeclaring font encoding OML on input line 712.
LaTeX Font Info:    Redeclaring font encoding OMS on input line 713.
\macc@depth=\count93
\c@MaxMatrixCols=\count94
\dotsspace@=\muskip10
\c@parentequation=\count95
\dspbrk@lvl=\count96
\tag@help=\toks16
\row@=\count97
\column@=\count98
\maxfields@=\count99
\andhelp@=\toks17
\eqnshift@=\dimen106
\alignsep@=\dimen107
\tagshift@=\dimen108
\tagwidth@=\dimen109
\totwidth@=\dimen110
\lineht@=\dimen111
\@envbody=\toks18
\multlinegap=\skip44
\multlinetaggap=\skip45
\mathdisplay@stack=\toks19
LaTeX Info: Redefining \[ on input line 2817.
LaTeX Info: Redefining \] on input line 2818.
)
(/usr/local/texlive/2018/texmf-dist/tex/latex/geometry/geometry.sty
Package: geometry 2018/03/24 v5.7 Page Geometry

(/usr/local/texlive/2018/texmf-dist/tex/latex/graphics/keyval.sty
Package: keyval 2014/10/28 v1.15 key=value parser (DPC)
\KV@toks@=\toks20
)
(/usr/local/texlive/2018/texmf-dist/tex/generic/oberdiek/ifpdf.sty
Package: ifpdf 2017/03/15 v3.2 Provides the ifpdf switch
)
(/usr/local/texlive/2018/texmf-dist/tex/generic/oberdiek/ifvtex.sty
Package: ifvtex 2016/05/16 v1.6 Detect VTeX and its facilities (HO)
Package ifvtex Info: VTeX not detected.
)
(/usr/local/texlive/2018/texmf-dist/tex/generic/ifxetex/ifxetex.sty
Package: ifxetex 2010/09/12 v0.6 Provides ifxetex conditional
)
\Gm@cnth=\count100
\Gm@cntv=\count101
\c@Gm@tempcnt=\count102
\Gm@bindingoffset=\dimen112
\Gm@wd@mp=\dimen113
\Gm@odd@mp=\dimen114
\Gm@even@mp=\dimen115
\Gm@layoutwidth=\dimen116
\Gm@layoutheight=\dimen117
\Gm@layouthoffset=\dimen118
\Gm@layoutvoffset=\dimen119
\Gm@dimlist=\toks21
)
(/usr/local/texlive/2018/texmf-dist/tex/latex/fancyhdr/fancyhdr.sty
Package: fancyhdr 2017/06/30 v3.9a Extensive control of page headers and footer
s
\f@nch@headwidth=\skip46
\f@nch@O@elh=\skip47
\f@nch@O@erh=\skip48
\f@nch@O@olh=\skip49
\f@nch@O@orh=\skip50
\f@nch@O@elf=\skip51
\f@nch@O@erf=\skip52
\f@nch@O@olf=\skip53
\f@nch@O@orf=\skip54
)
(/usr/local/texlive/2018/texmf-dist/tex/latex/amsfonts/amssymb.sty
Package: amssymb 2013/01/14 v3.01 AMS font symbols
)
(/usr/local/texlive/2018/texmf-dist/tex/latex/graphics/color.sty
Package: color 2016/07/10 v1.1e Standard LaTeX Color (DPC)

(/usr/local/texlive/2018/texmf-dist/tex/latex/graphics-cfg/color.cfg
File: color.cfg 2016/01/02 v1.6 sample color configuration
)
Package color Info: Driver file: pdftex.def on input line 147.

(/usr/local/texlive/2018/texmf-dist/tex/latex/graphics-def/pdftex.def
File: pdftex.def 2018/01/08 v1.0l Graphics/color driver for pdftex
))
(/usr/local/texlive/2018/texmf-dist/tex/latex/hyperref/hyperref.sty
Package: hyperref 2018/02/06 v6.86b Hypertext links for LaTeX

(/usr/local/texlive/2018/texmf-dist/tex/generic/oberdiek/hobsub-hyperref.sty
Package: hobsub-hyperref 2016/05/16 v1.14 Bundle oberdiek, subset hyperref (HO)


(/usr/local/texlive/2018/texmf-dist/tex/generic/oberdiek/hobsub-generic.sty
Package: hobsub-generic 2016/05/16 v1.14 Bundle oberdiek, subset generic (HO)
Package: hobsub 2016/05/16 v1.14 Construct package bundles (HO)
Package: infwarerr 2016/05/16 v1.4 Providing info/warning/error messages (HO)
Package: ltxcmds 2016/05/16 v1.23 LaTeX kernel commands for general use (HO)
Package: ifluatex 2016/05/16 v1.4 Provides the ifluatex switch (HO)
Package ifluatex Info: LuaTeX not detected.
Package hobsub Info: Skipping package `ifvtex' (already loaded).
Package: intcalc 2016/05/16 v1.2 Expandable calculations with integers (HO)
Package hobsub Info: Skipping package `ifpdf' (already loaded).
Package: etexcmds 2016/05/16 v1.6 Avoid name clashes with e-TeX commands (HO)
Package etexcmds Info: Could not find \expanded.
(etexcmds)             That can mean that you are not using pdfTeX 1.50 or
(etexcmds)             that some package has redefined \expanded.
(etexcmds)             In the latter case, load this package earlier.
Package: kvsetkeys 2016/05/16 v1.17 Key value parser (HO)
Package: kvdefinekeys 2016/05/16 v1.4 Define keys (HO)
Package: pdftexcmds 2018/01/30 v0.27 Utility functions of pdfTeX for LuaTeX (HO
)
Package pdftexcmds Info: LuaTeX not detected.
Package pdftexcmds Info: \pdf@primitive is available.
Package pdftexcmds Info: \pdf@ifprimitive is available.
Package pdftexcmds Info: \pdfdraftmode found.
Package: pdfescape 2016/05/16 v1.14 Implements pdfTeX's escape features (HO)
Package: bigintcalc 2016/05/16 v1.4 Expandable calculations on big integers (HO
)
Package: bitset 2016/05/16 v1.2 Handle bit-vector datatype (HO)
Package: uniquecounter 2016/05/16 v1.3 Provide unlimited unique counter (HO)
)
Package hobsub Info: Skipping package `hobsub' (already loaded).
Package: letltxmacro 2016/05/16 v1.5 Let assignment for LaTeX macros (HO)
Package: hopatch 2016/05/16 v1.3 Wrapper for package hooks (HO)
Package: xcolor-patch 2016/05/16 xcolor patch
Package: atveryend 2016/05/16 v1.9 Hooks at the very end of document (HO)
Package atveryend Info: \enddocument detected (standard20110627).
Package: atbegshi 2016/06/09 v1.18 At begin shipout hook (HO)
Package: refcount 2016/05/16 v3.5 Data extraction from label references (HO)
Package: hycolor 2016/05/16 v1.8 Color options for hyperref/bookmark (HO)
)
(/usr/local/texlive/2018/texmf-dist/tex/latex/oberdiek/auxhook.sty
Package: auxhook 2016/05/16 v1.4 Hooks for auxiliary files (HO)
)
(/usr/local/texlive/2018/texmf-dist/tex/latex/oberdiek/kvoptions.sty
Package: kvoptions 2016/05/16 v3.12 Key value format for package options (HO)
)
\@linkdim=\dimen120
\Hy@linkcounter=\count103
\Hy@pagecounter=\count104

(/usr/local/texlive/2018/texmf-dist/tex/latex/hyperref/pd1enc.def
File: pd1enc.def 2018/02/06 v6.86b Hyperref: PDFDocEncoding definition (HO)
Now handling font encoding PD1 ...
... no UTF-8 mapping file for font encoding PD1
)
\Hy@SavedSpaceFactor=\count105

(/usr/local/texlive/2018/texmf-dist/tex/latex/latexconfig/hyperref.cfg
File: hyperref.cfg 2002/06/06 v1.2 hyperref configuration of TeXLive
)
Package hyperref Info: Hyper figures OFF on input line 4509.
Package hyperref Info: Link nesting OFF on input line 4514.
Package hyperref Info: Hyper index ON on input line 4517.
Package hyperref Info: Plain pages OFF on input line 4524.
Package hyperref Info: Backreferencing OFF on input line 4529.
Package hyperref Info: Implicit mode ON; LaTeX internals redefined.
Package hyperref Info: Bookmarks ON on input line 4762.
\c@Hy@tempcnt=\count106

(/usr/local/texlive/2018/texmf-dist/tex/latex/url/url.sty
\Urlmuskip=\muskip11
Package: url 2013/09/16  ver 3.4  Verb mode for urls, etc.
)
LaTeX Info: Redefining \url on input line 5115.
\XeTeXLinkMargin=\dimen121
\Fld@menulength=\count107
\Field@Width=\dimen122
\Fld@charsize=\dimen123
Package hyperref Info: Hyper figures OFF on input line 6369.
Package hyperref Info: Link nesting OFF on input line 6374.
Package hyperref Info: Hyper index ON on input line 6377.
Package hyperref Info: backreferencing OFF on input line 6384.
Package hyperref Info: Link coloring OFF on input line 6389.
Package hyperref Info: Link coloring with OCG OFF on input line 6394.
Package hyperref Info: PDF/A mode OFF on input line 6399.
LaTeX Info: Redefining \ref on input line 6439.
LaTeX Info: Redefining \pageref on input line 6443.
\Hy@abspage=\count108
\c@Item=\count109
\c@Hfootnote=\count110
)
Package hyperref Info: Driver: hpdftex.

(/usr/local/texlive/2018/texmf-dist/tex/latex/hyperref/hpdftex.def
File: hpdftex.def 2018/02/06 v6.86b Hyperref driver for pdfTeX
\Fld@listcount=\count111
\c@bookmark@seq@number=\count112

(/usr/local/texlive/2018/texmf-dist/tex/latex/oberdiek/rerunfilecheck.sty
Package: rerunfilecheck 2016/05/16 v1.8 Rerun checks for auxiliary files (HO)
Package uniquecounter Info: New unique counter `rerunfilecheck' on input line 2
82.
)
\Hy@SectionHShift=\skip55
)
(/usr/local/texlive/2018/texmf-dist/tex/latex/graphics/graphicx.sty
Package: graphicx 2017/06/01 v1.1a Enhanced LaTeX Graphics (DPC,SPQR)

(/usr/local/texlive/2018/texmf-dist/tex/latex/graphics/graphics.sty
Package: graphics 2017/06/25 v1.2c Standard LaTeX Graphics (DPC,SPQR)

(/usr/local/texlive/2018/texmf-dist/tex/latex/graphics/trig.sty
Package: trig 2016/01/03 v1.10 sin cos tan (DPC)
)
(/usr/local/texlive/2018/texmf-dist/tex/latex/graphics-cfg/graphics.cfg
File: graphics.cfg 2016/06/04 v1.11 sample graphics configuration
)
Package graphics Info: Driver file: pdftex.def on input line 99.
)
\Gin@req@height=\dimen124
\Gin@req@width=\dimen125
)
(/usr/local/texlive/2018/texmf-dist/tex/latex/subfigure/subfigure.sty
Package: subfigure 2002/03/15 v2.1.5 subfigure package
\subfigtopskip=\skip56
\subfigcapskip=\skip57
\subfigcaptopadj=\dimen126
\subfigbottomskip=\skip58
\subfigcapmargin=\dimen127
\subfiglabelskip=\skip59
\c@subfigure=\count113
\c@lofdepth=\count114
\c@subtable=\count115
\c@lotdepth=\count116

****************************************
* Local config file subfigure.cfg used *
****************************************
(/usr/local/texlive/2018/texmf-dist/tex/latex/subfigure/subfigure.cfg)
\subfig@top=\skip60
\subfig@bottom=\skip61
)

Package hyperref Warning: Option `a4paper' is no longer used.

Package hyperref Info: Option `breaklinks' set `true' on input line 40.
\c@theorem=\count117
(./YangMeade-Locus-28Jan.aux)
\openout1 = `YangMeade-Locus-28Jan.aux'.

LaTeX Font Info:    Checking defaults for OML/cmm/m/it on input line 74.
LaTeX Font Info:    ... okay on input line 74.
LaTeX Font Info:    Checking defaults for T1/cmr/m/n on input line 74.
LaTeX Font Info:    ... okay on input line 74.
LaTeX Font Info:    Checking defaults for OT1/cmr/m/n on input line 74.
LaTeX Font Info:    ... okay on input line 74.
LaTeX Font Info:    Checking defaults for OMS/cmsy/m/n on input line 74.
LaTeX Font Info:    ... okay on input line 74.
LaTeX Font Info:    Checking defaults for OMX/cmex/m/n on input line 74.
LaTeX Font Info:    ... okay on input line 74.
LaTeX Font Info:    Checking defaults for U/cmr/m/n on input line 74.
LaTeX Font Info:    ... okay on input line 74.
LaTeX Font Info:    Checking defaults for PD1/pdf/m/n on input line 74.
LaTeX Font Info:    ... okay on input line 74.

*geometry* driver: auto-detecting
*geometry* detected driver: pdftex
*geometry* verbose mode - [ preamble ] result:
* driver: pdftex
* paper: a4paper
* layout: <same size as paper>
* layoutoffset:(h,v)=(0.0pt,0.0pt)
* modes: 
* h-part:(L,W,R)=(56.9055pt, 483.69687pt, 56.9055pt)
* v-part:(T,H,B)=(91.04872pt, 662.9494pt, 91.04872pt)
* \paperwidth=597.50787pt
* \paperheight=845.04684pt
* \textwidth=483.69687pt
* \textheight=662.9494pt
* \oddsidemargin=-15.36449pt
* \evensidemargin=-15.36449pt
* \topmargin=-20.22127pt
* \headheight=14.0pt
* \headsep=25.0pt
* \topskip=12.0pt
* \footskip=30.0pt
* \marginparwidth=35.0pt
* \marginparsep=10.0pt
* \columnsep=10.0pt
* \skip\footins=10.8pt plus 4.0pt minus 2.0pt
* \hoffset=0.0pt
* \voffset=0.0pt
* \mag=1000
* \@twocolumnfalse
* \@twosidefalse
* \@mparswitchfalse
* \@reversemarginfalse
* (1in=72.27pt=25.4mm, 1cm=28.453pt)

(/usr/local/texlive/2018/texmf-dist/tex/context/base/mkii/supp-pdf.mkii
[Loading MPS to PDF converter (version 2006.09.02).]
\scratchcounter=\count118
\scratchdimen=\dimen128
\scratchbox=\box28
\nofMPsegments=\count119
\nofMParguments=\count120
\everyMPshowfont=\toks22
\MPscratchCnt=\count121
\MPscratchDim=\dimen129
\MPnumerator=\count122
\makeMPintoPDFobject=\count123
\everyMPtoPDFconversion=\toks23
) (/usr/local/texlive/2018/texmf-dist/tex/latex/oberdiek/epstopdf-base.sty
Package: epstopdf-base 2016/05/15 v2.6 Base part for package epstopdf

(/usr/local/texlive/2018/texmf-dist/tex/latex/oberdiek/grfext.sty
Package: grfext 2016/05/16 v1.2 Manage graphics extensions (HO)
)
Package epstopdf-base Info: Redefining graphics rule for `.eps' on input line 4
38.
Package grfext Info: Graphics extension search list:
(grfext)             [.pdf,.png,.jpg,.mps,.jpeg,.jbig2,.jb2,.PDF,.PNG,.JPG,.JPE
G,.JBIG2,.JB2,.eps]
(grfext)             \AppendGraphicsExtensions on input line 456.

(/usr/local/texlive/2018/texmf-dist/tex/latex/latexconfig/epstopdf-sys.cfg
File: epstopdf-sys.cfg 2010/07/13 v1.3 Configuration of (r)epstopdf for TeX Liv
e
))
\AtBeginShipoutBox=\box29
Package hyperref Info: Link coloring OFF on input line 74.

(/usr/local/texlive/2018/texmf-dist/tex/latex/hyperref/nameref.sty
Package: nameref 2016/05/21 v2.44 Cross-referencing by name of section

(/usr/local/texlive/2018/texmf-dist/tex/generic/oberdiek/gettitlestring.sty
Package: gettitlestring 2016/05/16 v1.5 Cleanup title references (HO)
)
\c@section@level=\count124
)
LaTeX Info: Redefining \ref on input line 74.
LaTeX Info: Redefining \pageref on input line 74.
LaTeX Info: Redefining \nameref on input line 74.

(./YangMeade-Locus-28Jan.out) (./YangMeade-Locus-28Jan.out)
\@outlinefile=\write3
\openout3 = `YangMeade-Locus-28Jan.out'.

LaTeX Font Info:    Try loading font information for U+msa on input line 83.

(/usr/local/texlive/2018/texmf-dist/tex/latex/amsfonts/umsa.fd
File: umsa.fd 2013/01/14 v3.01 AMS symbols A
)
LaTeX Font Info:    Try loading font information for U+msb on input line 83.

(/usr/local/texlive/2018/texmf-dist/tex/latex/amsfonts/umsb.fd
File: umsb.fd 2013/01/14 v3.01 AMS symbols B
) [1

{/usr/local/texlive/2018/texmf-var/fonts/map/pdftex/updmap/pdftex.map}]
<./Images_Meade/PJH75H11-crop.pdf, id=79, 212.795pt x 162.6075pt>
File: ./Images_Meade/PJH75H11-crop.pdf Graphic file (type pdf)
<use ./Images_Meade/PJH75H11-crop.pdf>
Package pdftex.def Info: ./Images_Meade/PJH75H11-crop.pdf  used on input line 1
80.
(pdftex.def)             Requested size: 144.54pt x 110.45502pt.
 [2 <./Images_Meade/PJH75H11-crop.pdf>] [3]
<./Images_Meade/Figure6-crop.pdf, id=120, 200.75pt x 231.86626pt>
File: ./Images_Meade/Figure6-crop.pdf Graphic file (type pdf)
<use ./Images_Meade/Figure6-crop.pdf>
Package pdftex.def Info: ./Images_Meade/Figure6-crop.pdf  used on input line 33
9.
(pdftex.def)             Requested size: 122.85876pt x 141.90521pt.
<./Images_Meade/Figure7-crop.pdf, id=121, 198.7425pt x 232.87pt>
File: ./Images_Meade/Figure7-crop.pdf Graphic file (type pdf)
<use ./Images_Meade/Figure7-crop.pdf>
Package pdftex.def Info: ./Images_Meade/Figure7-crop.pdf  used on input line 34
4.
(pdftex.def)             Requested size: 122.85876pt x 143.9586pt.
<./Images_Meade/PJH75H12.pdf, id=126, 236.082pt x 219.01825pt>
File: ./Images_Meade/PJH75H12.pdf Graphic file (type pdf)
<use ./Images_Meade/PJH75H12.pdf>
Package pdftex.def Info: ./Images_Meade/PJH75H12.pdf  used on input line 366.
(pdftex.def)             Requested size: 108.405pt x 80.97168pt.
<./Images_Meade/PJH75H13.pdf, id=128, 239.09325pt x 219.01825pt>
File: ./Images_Meade/PJH75H13.pdf Graphic file (type pdf)
<use ./Images_Meade/PJH75H13.pdf>
Package pdftex.def Info: ./Images_Meade/PJH75H13.pdf  used on input line 372.
(pdftex.def)             Requested size: 108.405pt x 79.9519pt.
<./Images_Meade/PJH75H14.pdf, id=130, 234.0745pt x 219.01825pt>
File: ./Images_Meade/PJH75H14.pdf Graphic file (type pdf)
<use ./Images_Meade/PJH75H14.pdf>
Package pdftex.def Info: ./Images_Meade/PJH75H14.pdf  used on input line 378.
(pdftex.def)             Requested size: 108.405pt x 81.66588pt.
<./Images_Meade/PJH75H15.pdf, id=132, 233.07074pt x 221.02574pt>
File: ./Images_Meade/PJH75H15.pdf Graphic file (type pdf)
<use ./Images_Meade/PJH75H15.pdf>
Package pdftex.def Info: ./Images_Meade/PJH75H15.pdf  used on input line 384.
(pdftex.def)             Requested size: 108.405pt x 82.95209pt.
<./Images_Meade/PJH75H16.pdf, id=134, 236.082pt x 225.04074pt>
File: ./Images_Meade/PJH75H16.pdf Graphic file (type pdf)
<use ./Images_Meade/PJH75H16.pdf>
Package pdftex.def Info: ./Images_Meade/PJH75H16.pdf  used on input line 390.
(pdftex.def)             Requested size: 108.405pt x 83.73709pt.
<./Images_Meade/PJH75H17.pdf, id=136, 231.06325pt x 218.0145pt>
File: ./Images_Meade/PJH75H17.pdf Graphic file (type pdf)
<use ./Images_Meade/PJH75H17.pdf>
Package pdftex.def Info: ./Images_Meade/PJH75H17.pdf  used on input line 396.
(pdftex.def)             Requested size: 108.405pt x 82.25781pt.
<./Images_Meade/exercise2-crop.pdf, id=140, 550.055pt x 329.23pt>
File: ./Images_Meade/exercise2-crop.pdf Graphic file (type pdf)
<use ./Images_Meade/exercise2-crop.pdf>
Package pdftex.def Info: ./Images_Meade/exercise2-crop.pdf  used on input line 
428.
(pdftex.def)             Requested size: 158.99377pt x 95.16278pt.
<./Images_Meade/exercise2(b)-crop.pdf, id=141, 543.02875pt x 323.2075pt>
File: ./Images_Meade/exercise2(b)-crop.pdf Graphic file (type pdf)
<use ./Images_Meade/exercise2(b)-crop.pdf>
Package pdftex.def Info: ./Images_Meade/exercise2(b)-crop.pdf  used on input li
ne 433.
(pdftex.def)             Requested size: 158.99377pt x 94.63028pt.
 [4 <./Images_Meade/Figure6-crop.pdf> <./Images_Meade/Figure7-crop.pdf>] [5 <./
Images_Meade/PJH75H12.pdf> <./Images_Meade/PJH75H13.pdf> <./Images_Meade/PJH75H
14.pdf> <./Images_Meade/PJH75H15.pdf> <./Images_Meade/PJH75H16.pdf> <./Images_M
eade/PJH75H17.pdf> <./Images_Meade/exercise2-crop.pdf> <./Images_Meade/exercise
2(b)-crop.pdf>]
<./Images_Meade/PJH75H18.pdf, id=230, 350.5095pt x 334.44951pt>
File: ./Images_Meade/PJH75H18.pdf Graphic file (type pdf)
<use ./Images_Meade/PJH75H18.pdf>
Package pdftex.def Info: ./Images_Meade/PJH75H18.pdf  used on input line 566.
(pdftex.def)             Requested size: 122.85876pt x 117.22748pt.
 [6]
<./Images_Meade/PJH75H19-crop.pdf, id=239, 190.7125pt x 180.675pt>
File: ./Images_Meade/PJH75H19-crop.pdf Graphic file (type pdf)
<use ./Images_Meade/PJH75H19-crop.pdf>
Package pdftex.def Info: ./Images_Meade/PJH75H19-crop.pdf  used on input line 6
36.
(pdftex.def)             Requested size: 159.90057pt x 122.85876pt.

Overfull \hbox (22.58803pt too wide) in paragraph at lines 636--636
 [] 
 []

<./Images_Meade/PJH75H1A.pdf, id=241, 202.29909pt x 194.24698pt>
File: ./Images_Meade/PJH75H1A.pdf Graphic file (type pdf)
<use ./Images_Meade/PJH75H1A.pdf>
Package pdftex.def Info: ./Images_Meade/PJH75H1A.pdf  used on input line 641.
(pdftex.def)             Requested size: 149.91196pt x 122.85876pt.

Overfull \hbox (12.59941pt too wide) in paragraph at lines 641--641
 [] 
 []

<./Images_Meade/PJH75H1B.pdf, id=243, 210.80647pt x 190.74728pt>
File: ./Images_Meade/PJH75H1B.pdf Graphic file (type pdf)
<use ./Images_Meade/PJH75H1B.pdf>
Package pdftex.def Info: ./Images_Meade/PJH75H1B.pdf  used on input line 646.
(pdftex.def)             Requested size: 159.58733pt x 122.85876pt.

Overfull \hbox (22.27478pt too wide) in paragraph at lines 646--646
 [] 
 []

<./Images_Meade/eJMT-1.pdf, id=246, 614.295pt x 794.97pt>
File: ./Images_Meade/eJMT-1.pdf Graphic file (type pdf)
<use ./Images_Meade/eJMT-1.pdf>
Package pdftex.def Info: ./Images_Meade/eJMT-1.pdf  used on input line 676.
(pdftex.def)             Requested size: 153.91165pt x 122.85876pt.
[7 <./Images_Meade/PJH75H18.pdf>] [8 <./Images_Meade/PJH75H19-crop.pdf> <./Imag
es_Meade/PJH75H1A.pdf> <./Images_Meade/PJH75H1B.pdf> <./Images_Meade/eJMT-1.pdf
>] [9]
<./Images_Meade/IF+IG-crop.pdf, id=318, 460.72125pt x 369.38pt>
File: ./Images_Meade/IF+IG-crop.pdf Graphic file (type pdf)
<use ./Images_Meade/IF+IG-crop.pdf>
Package pdftex.def Info: ./Images_Meade/IF+IG-crop.pdf  used on input line 808.

(pdftex.def)             Requested size: 203.83574pt x 144.54pt.

Overfull \hbox (1.47952pt too wide) in paragraph at lines 808--808
 [] 
 []

<./Images_Meade/IF+IG_Pi-crop.pdf, id=320, 467.7475pt x 369.38pt>
File: ./Images_Meade/IF+IG_Pi-crop.pdf Graphic file (type pdf)
<use ./Images_Meade/IF+IG_Pi-crop.pdf>
Package pdftex.def Info: ./Images_Meade/IF+IG_Pi-crop.pdf  used on input line 8
14.
(pdftex.def)             Requested size: 206.94435pt x 144.54pt.

Overfull \hbox (4.58813pt too wide) in paragraph at lines 814--814
 [] 
 []

<./Images_Meade/PJH75H1C-crop.pdf, id=322, 186.6975pt x 161.60374pt>
File: ./Images_Meade/PJH75H1C-crop.pdf Graphic file (type pdf)
<use ./Images_Meade/PJH75H1C-crop.pdf>
Package pdftex.def Info: ./Images_Meade/PJH75H1C-crop.pdf  used on input line 8
20.
(pdftex.def)             Requested size: 226.91313pt x 144.54pt.

Overfull \hbox (24.55692pt too wide) in paragraph at lines 820--820
 [] 
 []

<./Images_Meade/PJH75H1D-crop.pdf, id=324, 165.61874pt x 168.63pt>
File: ./Images_Meade/PJH75H1D-crop.pdf Graphic file (type pdf)
<use ./Images_Meade/PJH75H1D-crop.pdf>
Package pdftex.def Info: ./Images_Meade/PJH75H1D-crop.pdf  used on input line 8
26.
(pdftex.def)             Requested size: 190.081pt x 144.54pt.
[10] [11 <./Images_Meade/IF+IG-crop.pdf> <./Images_Meade/IF+IG_Pi-crop.pdf> <./
Images_Meade/PJH75H1C-crop.pdf> <./Images_Meade/PJH75H1D-crop.pdf>]
<./Images_Meade/PJH75H1E.pdf, id=392, 163.11966pt x 169.66379pt>
File: ./Images_Meade/PJH75H1E.pdf Graphic file (type pdf)
<use ./Images_Meade/PJH75H1E.pdf>
Package pdftex.def Info: ./Images_Meade/PJH75H1E.pdf  used on input line 918.
(pdftex.def)             Requested size: 118.12306pt x 122.85876pt.

Overfull \hbox (2.49063pt too wide) in paragraph at lines 918--918
 [] 
 []

<./Images_Meade/PJH75H1F.pdf, id=393, 177.68745pt x 188.24344pt>
File: ./Images_Meade/PJH75H1F.pdf Graphic file (type pdf)
<use ./Images_Meade/PJH75H1F.pdf>
Package pdftex.def Info: ./Images_Meade/PJH75H1F.pdf  used on input line 924.
(pdftex.def)             Requested size: 115.96722pt x 122.85876pt.
<./Images_Meade/PJH75H1G.pdf, id=394, 182.21146pt x 175.18361pt>
File: ./Images_Meade/PJH75H1G.pdf Graphic file (type pdf)
<use ./Images_Meade/PJH75H1G.pdf>
Package pdftex.def Info: ./Images_Meade/PJH75H1G.pdf  used on input line 930.
(pdftex.def)             Requested size: 127.78902pt x 122.85876pt.

Overfull \hbox (12.15659pt too wide) in paragraph at lines 930--930
 [] 
 []

<./Images_Meade/PJH75H1H.pdf, id=395, 299.15227pt x 309.16765pt>
File: ./Images_Meade/PJH75H1H.pdf Graphic file (type pdf)
<use ./Images_Meade/PJH75H1H.pdf>
Package pdftex.def Info: ./Images_Meade/PJH75H1H.pdf  used on input line 936.
(pdftex.def)             Requested size: 118.87822pt x 122.85876pt.

Overfull \hbox (3.24579pt too wide) in paragraph at lines 936--936
 [] 
 []

[12 <./Images_Meade/PJH75H1E.pdf> <./Images_Meade/PJH75H1F.pdf

pdfTeX warning: /Library/TeX/texbin/pdflatex (file ./Images_Meade/PJH75H1F.pdf)
: PDF inclusion: multiple pdfs with page group included in a single page
> <./Images_Meade/PJH75H1G.pdf

pdfTeX warning: /Library/TeX/texbin/pdflatex (file ./Images_Meade/PJH75H1G.pdf)
: PDF inclusion: multiple pdfs with page group included in a single page
> <./Images_Meade/PJH75H1H.pdf

pdfTeX warning: /Library/TeX/texbin/pdflatex (file ./Images_Meade/PJH75H1H.pdf)
: PDF inclusion: multiple pdfs with page group included in a single page
>]
<./Images_Meade/PJH75H1I.pdf, id=429, 291.61229pt x 257.49744pt>
File: ./Images_Meade/PJH75H1I.pdf Graphic file (type pdf)
<use ./Images_Meade/PJH75H1I.pdf>
Package pdftex.def Info: ./Images_Meade/PJH75H1I.pdf  used on input line 966.
(pdftex.def)             Requested size: 171.88066pt x 151.76744pt.
<./Images_Meade/PJH75H1J.pdf, id=430, 302.6804pt x 260.99715pt>
File: ./Images_Meade/PJH75H1J.pdf Graphic file (type pdf)
<use ./Images_Meade/PJH75H1J.pdf>
Package pdftex.def Info: ./Images_Meade/PJH75H1J.pdf  used on input line 971.
(pdftex.def)             Requested size: 176.01198pt x 151.76744pt.

Overfull \hbox (2.56442pt too wide) in paragraph at lines 971--971
 [] 
 []

[13 <./Images_Meade/PJH75H1I.pdf> <./Images_Meade/PJH75H1J.pdf

pdfTeX warning: /Library/TeX/texbin/pdflatex (file ./Images_Meade/PJH75H1J.pdf)
: PDF inclusion: multiple pdfs with page group included in a single page
>]
Overfull \hbox (19.74608pt too wide) in paragraph at lines 1019--1024
\OT1/cmr/m/n/12 Since $\OML/cmm/m/it/12 a > \OT1/cmr/m/n/12 0$, this re-quires 
$\OML/cmm/m/it/12 x \OT1/cmr/m/n/12 = \OMS/cmsy/m/n/12 ^^@\OML/cmm/m/it/12 x[]$
 \OT1/cmr/m/n/12 and so the point of in-ter-sec-tion is $\OML/cmm/m/it/12 I \OT
1/cmr/m/n/12 = (\OMS/cmsy/m/n/12 ^^@\OML/cmm/m/it/12 x[]; \OMS/cmsy/m/n/12 ^^@[
] [] []$\OT1/cmr/m/n/12 .
 []

<./Images_Meade/PJH75I1K.pdf, id=467, 304.337pt x 291.28827pt>
File: ./Images_Meade/PJH75I1K.pdf Graphic file (type pdf)
<use ./Images_Meade/PJH75I1K.pdf>
Package pdftex.def Info: ./Images_Meade/PJH75I1K.pdf  used on input line 1083.
(pdftex.def)             Requested size: 158.56728pt x 151.76744pt.
<./Images_Meade/PJH75I1L.pdf, id=468, 291.28827pt x 359.54326pt>
File: ./Images_Meade/PJH75I1L.pdf Graphic file (type pdf)
<use ./Images_Meade/PJH75I1L.pdf>
Package pdftex.def Info: ./Images_Meade/PJH75I1L.pdf  used on input line 1088.
(pdftex.def)             Requested size: 122.95804pt x 151.76744pt.
[14] [15 <./Images_Meade/PJH75I1K.pdf> <./Images_Meade/PJH75I1L.pdf>]
<./Images_Meade/PJH75I1M.pdf, id=495, 471.96326pt x 96.56075pt>
File: ./Images_Meade/PJH75I1M.pdf Graphic file (type pdf)
<use ./Images_Meade/PJH75I1M.pdf>
Package pdftex.def Info: ./Images_Meade/PJH75I1M.pdf  used on input line 1177.
(pdftex.def)             Requested size: 483.69687pt x 98.96507pt.
<./Images_Meade/PJH75I1N.pdf, id=496, 471.96326pt x 89.5345pt>
File: ./Images_Meade/PJH75I1N.pdf Graphic file (type pdf)
<use ./Images_Meade/PJH75I1N.pdf>
Package pdftex.def Info: ./Images_Meade/PJH75I1N.pdf  used on input line 1177.
(pdftex.def)             Requested size: 483.69687pt x 91.76387pt.
File: ./Images_Meade/PJH75I1M.pdf Graphic file (type pdf)
<use ./Images_Meade/PJH75I1M.pdf>
Package pdftex.def Info: ./Images_Meade/PJH75I1M.pdf  used on input line 1177.
(pdftex.def)             Requested size: 483.69687pt x 98.96507pt.
File: ./Images_Meade/PJH75I1N.pdf Graphic file (type pdf)
<use ./Images_Meade/PJH75I1N.pdf>
Package pdftex.def Info: ./Images_Meade/PJH75I1N.pdf  used on input line 1177.
(pdftex.def)             Requested size: 483.69687pt x 91.76387pt.
<./Images_Meade/PJH75I1O.pdf, id=501, 223.03325pt x 229.05574pt>
File: ./Images_Meade/PJH75I1O.pdf Graphic file (type pdf)
<use ./Images_Meade/PJH75I1O.pdf>
Package pdftex.def Info: ./Images_Meade/PJH75I1O.pdf  used on input line 1206.
(pdftex.def)             Requested size: 175.92886pt x 180.67499pt.
<./Images_Meade/PJH75I1P.pdf, id=502, 229.05574pt x 234.0745pt>
File: ./Images_Meade/PJH75I1P.pdf Graphic file (type pdf)
<use ./Images_Meade/PJH75I1P.pdf>
Package pdftex.def Info: ./Images_Meade/PJH75I1P.pdf  used on input line 1211.
(pdftex.def)             Requested size: 176.80685pt x 180.67499pt.
 [16 <./Images_Meade/PJH75I1M.pdf> <./Images_Meade/PJH75I1N.pdf>]
<./Images_Meade/Figure3-crop.pdf, id=515, 196.735pt x 200.75pt>
File: ./Images_Meade/Figure3-crop.pdf Graphic file (type pdf)
<use ./Images_Meade/Figure3-crop.pdf>
Package pdftex.def Info: ./Images_Meade/Figure3-crop.pdf  used on input line 12
37.
(pdftex.def)             Requested size: 144.68102pt x 147.62549pt.
 [17 <./Images_Meade/PJH75I1O.pdf> <./Images_Meade/PJH75I1P.pdf> <./Images_Mead
e/Figure3-crop.pdf>]
<./Images_Meade/PJH75I1Q.pdf, id=547, 265.19077pt x 298.31451pt>
File: ./Images_Meade/PJH75I1Q.pdf Graphic file (type pdf)
<use ./Images_Meade/PJH75I1Q.pdf>
Package pdftex.def Info: ./Images_Meade/PJH75I1Q.pdf  used on input line 1309.
(pdftex.def)             Requested size: 128.48787pt x 144.54pt.
<./Images_Meade/PJH75I1R.pdf, id=548, 277.23576pt x 293.29576pt>
File: ./Images_Meade/PJH75I1R.pdf Graphic file (type pdf)
<use ./Images_Meade/PJH75I1R.pdf>
Package pdftex.def Info: ./Images_Meade/PJH75I1R.pdf  used on input line 1314.
(pdftex.def)             Requested size: 136.6293pt x 144.54pt.

Overfull \hbox (13.77054pt too wide) in paragraph at lines 1314--1314
 [] 
 []

<./Images_Meade/PJH75I1S.pdf, id=549, 297.31076pt x 290.28452pt>
File: ./Images_Meade/PJH75I1S.pdf Graphic file (type pdf)
<use ./Images_Meade/PJH75I1S.pdf>
Package pdftex.def Info: ./Images_Meade/PJH75I1S.pdf  used on input line 1319.
(pdftex.def)             Requested size: 148.03802pt x 144.54pt.

Overfull \hbox (25.17926pt too wide) in paragraph at lines 1319--1319
 [] 
 []

[18]
<./Images_Meade/PJH75I1T.pdf, id=566, 471.96326pt x 94.55325pt>
File: ./Images_Meade/PJH75I1T.pdf Graphic file (type pdf)
<use ./Images_Meade/PJH75I1T.pdf>
Package pdftex.def Info: ./Images_Meade/PJH75I1T.pdf  used on input line 1413.
(pdftex.def)             Requested size: 483.69687pt x 96.9076pt.
<./Images_Meade/PJH75I1U.pdf, id=567, 471.96326pt x 102.58325pt>
File: ./Images_Meade/PJH75I1U.pdf Graphic file (type pdf)
<use ./Images_Meade/PJH75I1U.pdf>
Package pdftex.def Info: ./Images_Meade/PJH75I1U.pdf  used on input line 1413.
(pdftex.def)             Requested size: 483.69687pt x 105.13754pt.
File: ./Images_Meade/PJH75I1T.pdf Graphic file (type pdf)
<use ./Images_Meade/PJH75I1T.pdf>
Package pdftex.def Info: ./Images_Meade/PJH75I1T.pdf  used on input line 1413.
(pdftex.def)             Requested size: 483.69687pt x 96.9076pt.
File: ./Images_Meade/PJH75I1U.pdf Graphic file (type pdf)
<use ./Images_Meade/PJH75I1U.pdf>
Package pdftex.def Info: ./Images_Meade/PJH75I1U.pdf  used on input line 1413.
(pdftex.def)             Requested size: 483.69687pt x 105.13754pt.
 [19 <./Images_Meade/PJH75I1Q.pdf> <./Images_Meade/PJH75I1R.pdf> <./Images_Mead
e/PJH75I1S.pdf>]
<./Images_Meade/PJH75I1V.pdf, id=582, 471.96326pt x 100.57574pt>
File: ./Images_Meade/PJH75I1V.pdf Graphic file (type pdf)
<use ./Images_Meade/PJH75I1V.pdf>
Package pdftex.def Info: ./Images_Meade/PJH75I1V.pdf  used on input line 1426.
(pdftex.def)             Requested size: 483.69687pt x 103.08005pt.
<./Images_Meade/PJH75I1Z-crop.pdf, id=586, 384.43625pt x 311.1625pt>
File: ./Images_Meade/PJH75I1Z-crop.pdf Graphic file (type pdf)
<use ./Images_Meade/PJH75I1Z-crop.pdf>
Package pdftex.def Info: ./Images_Meade/PJH75I1Z-crop.pdf  used on input line 1
443.
(pdftex.def)             Requested size: 205.36339pt x 166.2212pt.
 [20 <./Images_Meade/PJH75I1T.pdf> <./Images_Meade/PJH75I1U.pdf> <./Images_Mead
e/PJH75I1V.pdf>] [21 <./Images_Meade/PJH75I1Z-crop.pdf>]
Underfull \hbox (badness 10000) in paragraph at lines 1505--1506
[]\OT1/cmr/m/n/12 ClassPad Man-ager, a prod-uct of CA-SIO, []$\OT1/cmtt/m/n/12 
https : / / edu . casio . com / freetrial /
 []

Package atveryend Info: Empty hook `BeforeClearDocument' on input line 1533.
[22]
Package atveryend Info: Empty hook `AfterLastShipout' on input line 1533.
 (./YangMeade-Locus-28Jan.aux)
Package atveryend Info: Executing hook `AtVeryEndDocument' on input line 1533.
Package atveryend Info: Executing hook `AtEndAfterFileList' on input line 1533.

Package rerunfilecheck Info: File `YangMeade-Locus-28Jan.out' has not changed.
(rerunfilecheck)             Checksum: FAFABD917238BA7C0AA87B927AE9A8BE;870.
Package atveryend Info: Empty hook `AtVeryVeryEnd' on input line 1533.
 ) 
Here is how much of TeX's memory you used:
 7070 strings out of 492649
 104461 string characters out of 6129622
 215365 words of memory out of 5000000
 10755 multiletter control sequences out of 15000+600000
 14181 words of font info for 54 fonts, out of 8000000 for 9000
 1141 hyphenation exceptions out of 8191
 28i,21n,43p,465b,443s stack positions out of 5000i,500n,10000p,200000b,80000s
</usr/local/texlive/2018/texmf-dist/fonts/type1/public/amsfonts/cm/cmbx10.pfb
></usr/local/texlive/2018/texmf-dist/fonts/type1/public/amsfonts/cm/cmbx12.pfb>
</usr/local/texlive/2018/texmf-dist/fonts/type1/public/amsfonts/cm/cmex10.pfb><
/usr/local/texlive/2018/texmf-dist/fonts/type1/public/amsfonts/cm/cmmi12.pfb></
usr/local/texlive/2018/texmf-dist/fonts/type1/public/amsfonts/cm/cmmi8.pfb></us
r/local/texlive/2018/texmf-dist/fonts/type1/public/amsfonts/cm/cmr10.pfb></usr/
local/texlive/2018/texmf-dist/fonts/type1/public/amsfonts/cm/cmr12.pfb></usr/lo
cal/texlive/2018/texmf-dist/fonts/type1/public/amsfonts/cm/cmr6.pfb></usr/local
/texlive/2018/texmf-dist/fonts/type1/public/amsfonts/cm/cmr8.pfb></usr/local/te
xlive/2018/texmf-dist/fonts/type1/public/amsfonts/cm/cmsy10.pfb></usr/local/tex
live/2018/texmf-dist/fonts/type1/public/amsfonts/cm/cmsy8.pfb></usr/local/texli
ve/2018/texmf-dist/fonts/type1/public/amsfonts/cm/cmti12.pfb></usr/local/texliv
e/2018/texmf-dist/fonts/type1/public/amsfonts/cm/cmtt12.pfb></usr/local/texlive
/2018/texmf-dist/fonts/type1/public/amsfonts/symbols/msam10.pfb>
Output written on YangMeade-Locus-28Jan.pdf (22 pages, 1438801 bytes).
PDF statistics:
 900 PDF objects out of 1000 (max. 8388607)
 518 compressed objects within 6 object streams
 87 named destinations out of 1000 (max. 500000)
 381 words of extra memory for PDF output out of 10000 (max. 10000000)

